# JRE version: Java(TM) SE Runtime Environment (17.0.6+9) (build 17.0.6+9-LTS-190)
# Java VM: Java HotSpot(TM) 64-Bit Server VM (17.0.6+9-LTS-190, mixed mode, sharing, tiered, compressed oops, compressed class ptrs, g1 gc, windows-amd64)
GC Precious Log:
 CPUs: 16 total, 16 available
 Memory: 5996M
 Large Page Support: Disabled
 NUMA Support: Disabled
 Compressed Oops: Enabled (32-bit)
 Heap Region Size: 1M
 Heap Min Capacity: 8M
 Heap Initial Capacity: 94M
 Heap Max Capacity: 1500M
 Pre-touch: Disabled
 Parallel Workers: 13
 Concurrent Workers: 3
 Concurrent Refinement Workers: 13
 Periodic GC: Disabled
Heap:
 garbage-first heap   total 96256K, used 31813K [0x00000000a2400000, 0x0000000100000000)
  region size 1024K, 31 young (31744K), 3 survivors (3072K)
 Metaspace       used 11275K, committed 11584K, reserved 1064960K
  class space    used 752K, committed 896K, reserved 1048576K
GC Heap History (6 events):
Event: 1.213 GC heap before
{Heap before GC invocations=0 (full 0):
 garbage-first heap   total 96256K, used 22528K [0x00000000a2400000, 0x0000000100000000)
  region size 1024K, 23 young (23552K), 0 survivors (0K)
 Metaspace       used 6544K, committed 6720K, reserved 1064960K
  class space    used 433K, committed 512K, reserved 1048576K
}
Event: 1.217 GC heap after
{Heap after GC invocations=1 (full 0):
 garbage-first heap   total 96256K, used 2822K [0x00000000a2400000, 0x0000000100000000)
  region size 1024K, 3 young (3072K), 3 survivors (3072K)
 Metaspace       used 6544K, committed 6720K, reserved 1064960K
  class space    used 433K, committed 512K, reserved 1048576K
}
Event: 12.493 GC heap before
{Heap before GC invocations=1 (full 0):
 garbage-first heap   total 96256K, used 36614K [0x00000000a2400000, 0x0000000100000000)
  region size 1024K, 37 young (37888K), 3 survivors (3072K)
 Metaspace       used 10614K, committed 10880K, reserved 1064960K
  class space    used 729K, committed 832K, reserved 1048576K
}
Event: 12.498 GC heap after
{Heap after GC invocations=2 (full 0):
 garbage-first heap   total 96256K, used 3916K [0x00000000a2400000, 0x0000000100000000)
  region size 1024K, 4 young (4096K), 4 survivors (4096K)
 Metaspace       used 10614K, committed 10880K, reserved 1064960K
  class space    used 729K, committed 832K, reserved 1048576K
}
Event: 23.070 GC heap before
{Heap before GC invocations=2 (full 0):
 garbage-first heap   total 96256K, used 57164K [0x00000000a2400000, 0x0000000100000000)
  region size 1024K, 56 young (57344K), 4 survivors (4096K)
 Metaspace       used 11255K, committed 11584K, reserved 1064960K
  class space    used 749K, committed 896K, reserved 1048576K
}
Event: 23.078 GC heap after
{Heap after GC invocations=3 (full 0):
 garbage-first heap   total 96256K, used 4165K [0x00000000a2400000, 0x0000000100000000)
  region size 1024K, 3 young (3072K), 3 survivors (3072K)
 Metaspace       used 11255K, committed 11584K, reserved 1064960K
  class space    used 749K, committed 896K, reserved 1048576K
}

